<?xml version="1.0" encoding="UTF-8"?>
<testsuite xmlns:xsi="http://www.w3.org/2001/XMLSchema-instance" xsi:noNamespaceSchemaLocation="https://maven.apache.org/surefire/maven-surefire-plugin/xsd/surefire-test-report-3.0.xsd" version="3.0" name="TestSuite" time="11.937" tests="1" errors="0" skipped="0" failures="0">
  <properties>
[...]
</properties>
  <testcase name="runScenario[&quot;Validate Search Functionality  using valid text&quot;, &quot;Search Fuctionlaity&quot;](1)" classname="runner.SearchRunner" time="10.326">
    <system-out><![CDATA[
Scenario: Validate Search Functionality  using valid text                   &amp#27;[90m# src/test/resources/FeatureFiles/Search.feature:3&amp#27;[0m
  &amp#27;[32mGiven &amp#27;[0m&amp#27;[32muser Launch the brwoser and navigate to application url&amp#27;[0m             &amp#27;[90m# stepdefinitions.SearchSteps.user_launch_the_brwoser_and_navigate_to_application_url()&amp#27;[0m
  &amp#27;[32mWhen &amp#27;[0m&amp#27;[32muser Enter the valid text in search box&amp#27;[0m                              &amp#27;[90m# stepdefinitions.SearchSteps.user_enter_the_valid_text_in_search_box()&amp#27;[0m
  &amp#27;[32mAnd &amp#27;[0m&amp#27;[32muser click on the search button&amp#27;[0m                                       &amp#27;[90m# stepdefinitions.SearchSteps.user_click_on_the_search_button()&amp#27;[0m
Selenium
Selenium in biology
Selenium (software)
Selenium disulfide
Selenium dioxide
  &amp#27;[32mThen &amp#27;[0m&amp#27;[32muser verify the Autosuggistions are appearing or not&amp#27;[0m                 &amp#27;[90m# stepdefinitions.SearchSteps.user_verify_the_autosuggistions_are_appearing_or_not()&amp#27;[0m
  &amp#27;[32mAnd &amp#27;[0m&amp#27;[32muser click on the required related suggistion&amp#27;[0m                         &amp#27;[90m# stepdefinitions.SearchSteps.user_click_on_the_required_related_suggistion()&amp#27;[0m
The Page Title is : ....Automation Testing Practice
The Page Title is : ....Selenium in biology - Wikipedia
  &amp#27;[32mAnd &amp#27;[0m&amp#27;[32muser verify the page is navigating to corrsponding search page or not&amp#27;[0m &amp#27;[90m# stepdefinitions.SearchSteps.user_verify_the_page_is_navigating_to_corrsponding_search_page_or_not()&amp#27;[0m
Is the test failed: false
]]></system-out>
    <system-err><![CDATA[SLF4J: Failed to load class "org.slf4j.impl.StaticLoggerBinder".
SLF4J: Defaulting to no-operation (NOP) logger implementation
SLF4J: See http://www.slf4j.org/codes.html#StaticLoggerBinder for further details.
Dec 05, 2024 5:05:12 PM org.openqa.selenium.devtools.CdpVersionFinder findNearestMatch
WARNING: Unable to find an exact match for CDP version 131, returning the closest version; found: 130; Please update to a Selenium version that supports CDP version 131
]]></system-err>
  </testcase>
</testsuite>