<?xml version="1.0" encoding="UTF-8"?>
<testng-results ignored="0" total="1" passed="1" failed="0" skipped="0">
  <reporter-output>
  </reporter-output>
  <suite started-at="2024-12-05T17:05:09 IST" name="Suite" finished-at="2024-12-05T17:05:20 IST" duration-ms="10935">
    <groups>
      <group name="cucumber">
        <method signature="AbstractTestNGCucumberTests.runScenario(io.cucumber.testng.PickleWrapper,io.cucumber.testng.FeatureWrapper)[pri:0, instance:runner.SearchRunner@710c2b53]" name="runScenario" class="io.cucumber.testng.AbstractTestNGCucumberTests"/>
      </group> <!-- cucumber -->
    </groups>
    <test started-at="2024-12-05T17:05:09 IST" name="Test" finished-at="2024-12-05T17:05:20 IST" duration-ms="10935">
      <class name="runner.SearchRunner">
        <test-method is-config="true" signature="setUpClass(org.testng.ITestContext)[pri:0, instance:runner.SearchRunner@710c2b53]" started-at="2024-12-05T17:05:09 IST" name="setUpClass" finished-at="2024-12-05T17:05:09 IST" duration-ms="525" status="PASS">
          <params>
            <param index="0">
              <value>
                <![CDATA[org.testng.TestRunner@5ec4ff02]]>
              </value>
            </param>
          </params>
          <reporter-output>
          </reporter-output>
        </test-method> <!-- setUpClass -->
        <test-method signature="runScenario(io.cucumber.testng.PickleWrapper,io.cucumber.testng.FeatureWrapper)[pri:0, instance:runner.SearchRunner@710c2b53]" started-at="2024-12-05T17:05:09 IST" name="runScenario" description="Runs Cucumber Scenarios" data-provider="scenarios" finished-at="2024-12-05T17:05:20 IST" duration-ms="10323" status="PASS">
          <params>
            <param index="0">
              <value>
                <![CDATA["Validate Search Functionality  using valid text"]]>
              </value>
            </param>
            <param index="1">
              <value>
                <![CDATA["Search Fuctionlaity"]]>
              </value>
            </param>
          </params>
          <reporter-output>
          </reporter-output>
        </test-method> <!-- runScenario -->
        <test-method is-config="true" signature="tearDownClass()[pri:0, instance:runner.SearchRunner@710c2b53]" started-at="2024-12-05T17:05:20 IST" name="tearDownClass" finished-at="2024-12-05T17:05:20 IST" duration-ms="34" status="PASS">
          <reporter-output>
          </reporter-output>
        </test-method> <!-- tearDownClass -->
      </class> <!-- runner.SearchRunner -->
    </test> <!-- Test -->
  </suite> <!-- Suite -->
</testng-results>
