<?xml version="1.0" encoding="UTF-8"?>
<testng-results ignored="0" total="1" passed="1" failed="0" skipped="0">
  <reporter-output>
  </reporter-output>
  <suite started-at="2024-12-05T12:56:24 IST" name="Suite" finished-at="2024-12-05T12:56:32 IST" duration-ms="7996">
    <groups>
      <group name="cucumber">
        <method signature="AbstractTestNGCucumberTests.runScenario(io.cucumber.testng.PickleWrapper,io.cucumber.testng.FeatureWrapper)[pri:0, instance:runner.SearchRunner@20d525]" name="runScenario" class="io.cucumber.testng.AbstractTestNGCucumberTests"/>
      </group> <!-- cucumber -->
    </groups>
    <test started-at="2024-12-05T12:56:24 IST" name="Test" finished-at="2024-12-05T12:56:32 IST" duration-ms="7996">
      <class name="runner.SearchRunner">
        <test-method is-config="true" signature="setUpClass(org.testng.ITestContext)[pri:0, instance:runner.SearchRunner@20d525]" started-at="2024-12-05T12:56:24 IST" name="setUpClass" finished-at="2024-12-05T12:56:25 IST" duration-ms="509" status="PASS">
          <params>
            <param index="0">
              <value>
                <![CDATA[org.testng.TestRunner@1744a475]]>
              </value>
            </param>
          </params>
          <reporter-output>
          </reporter-output>
        </test-method> <!-- setUpClass -->
        <test-method signature="runScenario(io.cucumber.testng.PickleWrapper,io.cucumber.testng.FeatureWrapper)[pri:0, instance:runner.SearchRunner@20d525]" started-at="2024-12-05T12:56:25 IST" name="runScenario" description="Runs Cucumber Scenarios" data-provider="scenarios" finished-at="2024-12-05T12:56:32 IST" duration-ms="7418" status="PASS">
          <params>
            <param index="0">
              <value>
                <![CDATA["Validate Search Functionality  using valid text"]]>
              </value>
            </param>
            <param index="1">
              <value>
                <![CDATA["Search Fuctionlaity"]]>
              </value>
            </param>
          </params>
          <reporter-output>
          </reporter-output>
        </test-method> <!-- runScenario -->
        <test-method is-config="true" signature="tearDownClass()[pri:0, instance:runner.SearchRunner@20d525]" started-at="2024-12-05T12:56:32 IST" name="tearDownClass" finished-at="2024-12-05T12:56:32 IST" duration-ms="24" status="PASS">
          <reporter-output>
          </reporter-output>
        </test-method> <!-- tearDownClass -->
      </class> <!-- runner.SearchRunner -->
    </test> <!-- Test -->
  </suite> <!-- Suite -->
</testng-results>
